[backblue.gif]
[fade.gif]
[index.html]
[marcoyan.no-ip.org/demo/20020201-3838/topmenu.html]
[marcoyan.no-ip.org/demo/20020201-3838/main.html]
[marcoyan.no-ip.org/demo/20020201-3838/logotop.jpg]
[marcoyan.no-ip.org/demo/20020201-3838/toplogo.html]
[marcoyan.no-ip.org/demo/20020201-3838/select/01o.jpg]
[marcoyan.no-ip.org/demo/20020201-3838/select/02o.jpg]
[marcoyan.no-ip.org/demo/20020201-3838/select/03o.jpg]
[marcoyan.no-ip.org/demo/20020201-3838/select/04o.jpg]
[marcoyan.no-ip.org/demo/20020201-3838/select/07o.jpg]
[marcoyan.no-ip.org/demo/20020201-3838/select/08o.jpg]
[marcoyan.no-ip.org/demo/20020201-3838/select/09o.jpg]
[marcoyan.no-ip.org/demo/20020201-3838/select/10o.jpg]
[marcoyan.no-ip.org/demo/20020201-3838/select/06o.jpg]
[marcoyan.no-ip.org/demo/20020201-3838/select/01.jpg]
[marcoyan.no-ip.org/demo/20020201-3838/select/02.jpg]
[marcoyan.no-ip.org/demo/20020201-3838/select/03.jpg]
[marcoyan.no-ip.org/demo/20020201-3838/select/04.jpg]
[marcoyan.no-ip.org/demo/20020201-3838/select/05.jpg]
[marcoyan.no-ip.org/demo/20020201-3838/select/06.jpg]
[marcoyan.no-ip.org/demo/20020201-3838/select/07.jpg]
[marcoyan.no-ip.org/demo/20020201-3838/select/08.jpg]
[marcoyan.no-ip.org/demo/20020201-3838/select/09.jpg]
[marcoyan.no-ip.org/demo/20020201-3838/select/10.jpg]
[marcoyan.no-ip.org/demo/20020201-3838/topmenu.html]
[marcoyan.no-ip.org/demo/20020201-3838/body.html]
[marcoyan.no-ip.org/demo/20020201-3838/system.html]
[marcoyan.no-ip.org/demo/20020201-3838/news/index.html]
[marcoyan.no-ip.org/demo/20020201-3838/newhand.html]
[marcoyan.no-ip.org/demo/20020201-3838/newhand/newbies/index.html]
[marcoyan.no-ip.org/demo/20020201-3838/realm.html]
[marcoyan.no-ip.org/demo/20020201-3838/realm/doc/index.html]
[marcoyan.no-ip.org/demo/20020201-3838/phorum.html]
[marcoyan.no-ip.org/demo/20020201-3838/links.html]
[marcoyan.no-ip.org/demo/20020201-3838/link/index.html]
[marcoyan.no-ip.org/demo/20020201-3838/announce.html]
[marcoyan.no-ip.org/demo/20020201-3838/announce/index.html]
[marcoyan.no-ip.org/demo/20020201-3838/download.html]
[marcoyan.no-ip.org/demo/20020201-3838/download/index.html]
[marcoyan.no-ip.org/demo/20020201-3838/select/08.jpg]
[marcoyan.no-ip.org/demo/20020201-3838/pic/say.jpg]
[marcoyan.no-ip.org/demo/20020201-3838/midi/open.mid]
[marcoyan.no-ip.org/demo/20020201-3838/body-l.html]
[marcoyan.no-ip.org/demo/20020201-3838/dragon.jpg]
[marcoyan.no-ip.org/demo/20020201-3838/body-r.html]
[marcoyan.no-ip.org/demo/20020201-3838/tree/tree.js]
[marcoyan.no-ip.org/demo/20020201-3838/intro/index.html]
[marcoyan.no-ip.org/demo/20020201-3838/config/index.html]
[marcoyan.no-ip.org/demo/20020201-3838/system-m.html]
[marcoyan.no-ip.org/demo/20020201-3838/imm/index.html]
[marcoyan.no-ip.org/demo/20020201-3838/ccs/font.css]
[marcoyan.no-ip.org/demo/20020201-3838/pic/bg.gif]
[marcoyan.no-ip.org/demo/20020201-3838/news/200202011.html]
[marcoyan.no-ip.org/demo/20020201-3838/news/200201311.html]
[marcoyan.no-ip.org/demo/20020201-3838/news/200201291.html]
[marcoyan.no-ip.org/demo/20020201-3838/news/200201261.html]
[marcoyan.no-ip.org/demo/20020201-3838/news/200201251.html]
[marcoyan.no-ip.org/demo/20020201-3838/news/200201222.html]
[marcoyan.no-ip.org/demo/20020201-3838/news/200201221.html]
[marcoyan.no-ip.org/demo/20020201-3838/news/200201212.html]
[marcoyan.no-ip.org/demo/20020201-3838/news/200201211.html]
[marcoyan.no-ip.org/demo/20020201-3838/news/200201201.html]
[marcoyan.no-ip.org/demo/20020201-3838/news/200201191.html]
[marcoyan.no-ip.org/demo/20020201-3838/news/200201184.html]
[marcoyan.no-ip.org/demo/20020201-3838/news/200201183.html]
[marcoyan.no-ip.org/demo/20020201-3838/news/200201182.html]
[marcoyan.no-ip.org/demo/20020201-3838/news/200201181.html]
[marcoyan.no-ip.org/demo/20020201-3838/news/200201161.html]
[marcoyan.no-ip.org/demo/20020201-3838/news/200201142.html]
[marcoyan.no-ip.org/demo/20020201-3838/news/200201141.html]
[marcoyan.no-ip.org/demo/20020201-3838/news/200201112.html]
[marcoyan.no-ip.org/demo/20020201-3838/news/200201111.html]
[marcoyan.no-ip.org/demo/20020201-3838/news/200201101.html]
[marcoyan.no-ip.org/demo/20020201-3838/news/200112274.html]
[marcoyan.no-ip.org/demo/20020201-3838/news/200112273.html]
[marcoyan.no-ip.org/demo/20020201-3838/news/200112272.html]
[marcoyan.no-ip.org/demo/20020201-3838/news/200112271.html]
[marcoyan.no-ip.org/demo/20020201-3838/news/200112268.html]
[marcoyan.no-ip.org/demo/20020201-3838/news/200112267.html]
[marcoyan.no-ip.org/demo/20020201-3838/news/200112266.html]
[marcoyan.no-ip.org/demo/20020201-3838/news/200112265.html]
[marcoyan.no-ip.org/demo/20020201-3838/news/200112264.html]
[marcoyan.no-ip.org/demo/20020201-3838/news/200112263.html]
[marcoyan.no-ip.org/demo/20020201-3838/news/200112262.html]
[marcoyan.no-ip.org/demo/20020201-3838/news/200112261.html]
[marcoyan.no-ip.org/demo/20020201-3838/news/200112251.html]
[marcoyan.no-ip.org/demo/20020201-3838/news/200112241.html]
[marcoyan.no-ip.org/demo/20020201-3838/news/200112211.html]
[marcoyan.no-ip.org/demo/20020201-3838/news/200112201.html]
[marcoyan.no-ip.org/demo/20020201-3838/news/200112181.html]
[marcoyan.no-ip.org/demo/20020201-3838/news/200112173.html]
[marcoyan.no-ip.org/demo/20020201-3838/news/200112172.html]
[marcoyan.no-ip.org/demo/20020201-3838/news/200112171.html]
[marcoyan.no-ip.org/demo/20020201-3838/news/200112121.html]
[marcoyan.no-ip.org/demo/20020201-3838/news/200112101.html]
[marcoyan.no-ip.org/demo/20020201-3838/news/200112073.html]
[marcoyan.no-ip.org/demo/20020201-3838/news/200112072.html]
[marcoyan.no-ip.org/demo/20020201-3838/news/200112071.html]
[marcoyan.no-ip.org/demo/20020201-3838/news/200112063.html]
[marcoyan.no-ip.org/demo/20020201-3838/news/200112062.html]
[marcoyan.no-ip.org/demo/20020201-3838/news/200112061.html]
[marcoyan.no-ip.org/demo/20020201-3838/news/200111303.html]
[marcoyan.no-ip.org/demo/20020201-3838/news/200111302.html]
[marcoyan.no-ip.org/demo/20020201-3838/news/200111301.html]
[marcoyan.no-ip.org/demo/20020201-3838/news/200111283.html]
[marcoyan.no-ip.org/demo/20020201-3838/news/200111282.html]
[marcoyan.no-ip.org/demo/20020201-3838/news/200111281.html]
[marcoyan.no-ip.org/demo/20020201-3838/news/200111211.html]
[marcoyan.no-ip.org/demo/20020201-3838/news/200111161.html]
[marcoyan.no-ip.org/demo/20020201-3838/news/200111151.html]
[marcoyan.no-ip.org/demo/20020201-3838/news/200111101.html]
[marcoyan.no-ip.org/demo/20020201-3838/news/200111071.html]
[marcoyan.no-ip.org/demo/20020201-3838/news/200111061.html]
[marcoyan.no-ip.org/demo/20020201-3838/news/200111051.html]
[marcoyan.no-ip.org/demo/20020201-3838/news/200111041.html]
[marcoyan.no-ip.org/demo/20020201-3838/news/200110201.html]
[marcoyan.no-ip.org/demo/20020201-3838/news/200110121.html]
[marcoyan.no-ip.org/demo/20020201-3838/news/200110013.html]
[marcoyan.no-ip.org/demo/20020201-3838/news/200110012.html]
[marcoyan.no-ip.org/demo/20020201-3838/news/200110011.html]
[marcoyan.no-ip.org/demo/20020201-3838/news/200109271.html]
[marcoyan.no-ip.org/demo/20020201-3838/news/200109152.html]
[marcoyan.no-ip.org/demo/20020201-3838/news/200109151.html]
[marcoyan.no-ip.org/demo/20020201-3838/news/200109011.html]
[marcoyan.no-ip.org/demo/20020201-3838/news/200108311.html]
[marcoyan.no-ip.org/demo/20020201-3838/news/200108221.html]
[marcoyan.no-ip.org/demo/20020201-3838/news/200107071.html]
[marcoyan.no-ip.org/demo/20020201-3838/news/200106281.html]
[marcoyan.no-ip.org/demo/20020201-3838/news/200106231.html]
[marcoyan.no-ip.org/demo/20020201-3838/news/200106211.html]
[marcoyan.no-ip.org/demo/20020201-3838/news/200106171.html]
[marcoyan.no-ip.org/demo/20020201-3838/news/200105251.html]
[marcoyan.no-ip.org/demo/20020201-3838/news/200105071.html]
[marcoyan.no-ip.org/demo/20020201-3838/news/200104301.html]
[marcoyan.no-ip.org/demo/20020201-3838/news/200104281.html]
[marcoyan.no-ip.org/demo/20020201-3838/news/200104091.html]
[marcoyan.no-ip.org/demo/20020201-3838/news/200104081.html]
[marcoyan.no-ip.org/demo/20020201-3838/news/200104076.html]
[marcoyan.no-ip.org/demo/20020201-3838/news/200104075.html]
[marcoyan.no-ip.org/demo/20020201-3838/news/200104074.html]
[marcoyan.no-ip.org/demo/20020201-3838/news/200104073.html]
[marcoyan.no-ip.org/demo/20020201-3838/news/200104072.html]
[marcoyan.no-ip.org/demo/20020201-3838/news/200104071.html]
[marcoyan.no-ip.org/demo/20020201-3838/news/200104041.html]
[marcoyan.no-ip.org/demo/20020201-3838/news/200104031.html]
[marcoyan.no-ip.org/demo/20020201-3838/news/200104024.html]
[marcoyan.no-ip.org/demo/20020201-3838/news/200104023.html]
[marcoyan.no-ip.org/demo/20020201-3838/news/200104022.html]
[marcoyan.no-ip.org/demo/20020201-3838/news/200104021.html]
[marcoyan.no-ip.org/demo/20020201-3838/news/200104011.html]
[marcoyan.no-ip.org/demo/20020201-3838/news/200103301.html]
[marcoyan.no-ip.org/demo/20020201-3838/news/200102041.html]
[marcoyan.no-ip.org/demo/20020201-3838/news/200011201.html]
[marcoyan.no-ip.org/demo/20020201-3838/news/200011191.html]
[marcoyan.no-ip.org/demo/20020201-3838/news/200011072.html]
[marcoyan.no-ip.org/demo/20020201-3838/news/200011071.html]
[marcoyan.no-ip.org/demo/20020201-3838/news/200010261.html]
[marcoyan.no-ip.org/demo/20020201-3838/news/200010241.html]
[marcoyan.no-ip.org/demo/20020201-3838/news/199908301.html]
[marcoyan.no-ip.org/demo/20020201-3838/news/199908201.html]
[marcoyan.no-ip.org/demo/20020201-3838/news/199905051.html]
[marcoyan.no-ip.org/demo/20020201-3838/news/199903222.html]
[marcoyan.no-ip.org/demo/20020201-3838/news/199903221.html]
[marcoyan.no-ip.org/demo/20020201-3838/news/199903212.html]
[marcoyan.no-ip.org/demo/20020201-3838/news/index.html]
[marcoyan.no-ip.org/demo/20020201-3838/news/199903211.html]
[marcoyan.no-ip.org/demo/20020201-3838/newhand/rule/index.html]
[marcoyan.no-ip.org/demo/20020201-3838/newhand/commands/index.html]
[marcoyan.no-ip.org/demo/20020201-3838/newhand/players/index.html]
[marcoyan.no-ip.org/demo/20020201-3838/skill/index.html]
[marcoyan.no-ip.org/demo/20020201-3838/newhand/other/index.html]
[marcoyan.no-ip.org/demo/20020201-3838/map/bus.html]
[marcoyan.no-ip.org/demo/20020201-3838/newhand-m.html]
[marcoyan.no-ip.org/demo/20020201-3838/newhand/newbies/index.html]
[marcoyan.no-ip.org/demo/20020201-3838/map/index.html]
[marcoyan.no-ip.org/demo/20020201-3838/realm/list/index.html]
[marcoyan.no-ip.org/demo/20020201-3838/realm-m.html]
[marcoyan.no-ip.org/demo/20020201-3838/realm/ads/index.html]
[marcoyan.no-ip.org/demo/20020201-3838/realm/doc/01.html]
[marcoyan.no-ip.org/demo/20020201-3838/realm/doc/02.html]
[marcoyan.no-ip.org/demo/20020201-3838/realm/doc/03.html]
[marcoyan.no-ip.org/demo/20020201-3838/realm/doc/04.html]
[marcoyan.no-ip.org/demo/20020201-3838/realm/doc/05.html]
[marcoyan.no-ip.org/demo/20020201-3838/realm/doc/index.html]
[marcoyan.no-ip.org/demo/20020201-3838/phorum-m.html]
[marcoyan.no-ip.org/demo/20020201-3838/links-m.html]
[marcoyan.no-ip.org/demo/20020201-3838/link/index.html]
[marcoyan.no-ip.org/demo/20020201-3838/announce-m.html]
[marcoyan.no-ip.org/demo/20020201-3838/announce/index.html]
[marcoyan.no-ip.org/demo/20020201-3838/download-m.html]
[marcoyan.no-ip.org/demo/20020201-3838/realm/doc/06.html]
[marcoyan.no-ip.org/demo/20020201-3838/download/merc-fju.tar.gz]
[marcoyan.no-ip.org/demo/20020201-3838/download/fjumud.tar.gz]
[marcoyan.no-ip.org/demo/20020201-3838/download/merc-fju-2.0.tar.gz]
[marcoyan.no-ip.org/demo/20020201-3838/download/00.html]
[marcoyan.no-ip.org/demo/20020201-3838/download/01.html]
[marcoyan.no-ip.org/demo/20020201-3838/download/02.html]
[marcoyan.no-ip.org/demo/20020201-3838/download/03.html]
[marcoyan.no-ip.org/demo/20020201-3838/download/04.html]
[marcoyan.no-ip.org/demo/20020201-3838/download/05.html]
[marcoyan.no-ip.org/demo/20020201-3838/download/06.html]
[marcoyan.no-ip.org/demo/20020201-3838/download/07.html]
[marcoyan.no-ip.org/demo/20020201-3838/download/index.html]
[marcoyan.no-ip.org/demo/20020201-3838/ftv2folderopen.gif]
[marcoyan.no-ip.org/demo/20020201-3838/ftv2mlastnode.gif]
[marcoyan.no-ip.org/demo/20020201-3838/ftv2mnode.gif]
[marcoyan.no-ip.org/demo/20020201-3838/ftv2plastnode.gif]
[marcoyan.no-ip.org/demo/20020201-3838/ftv2pnode.gif]
[marcoyan.no-ip.org/demo/20020201-3838/ftv2folderclosed.gif]
[marcoyan.no-ip.org/demo/20020201-3838/ftv2doc.gif]
[marcoyan.no-ip.org/demo/20020201-3838/tree/tree.js]
[marcoyan.no-ip.org/demo/20020201-3838/intro/intro1.html]
[marcoyan.no-ip.org/demo/20020201-3838/intro/intro2.html]
[marcoyan.no-ip.org/demo/20020201-3838/intro/intro3.html]
[marcoyan.no-ip.org/demo/20020201-3838/intro/intro4.html]
[marcoyan.no-ip.org/demo/20020201-3838/intro/intro5.html]
[marcoyan.no-ip.org/demo/20020201-3838/intro/index.html]
[marcoyan.no-ip.org/demo/20020201-3838/config/index.html]
[marcoyan.no-ip.org/demo/20020201-3838/imm/joetai.html]
[marcoyan.no-ip.org/demo/20020201-3838/imm/gamma.html]
[marcoyan.no-ip.org/demo/20020201-3838/imm/gooder.html]
[marcoyan.no-ip.org/demo/20020201-3838/imm/pans.html]
[marcoyan.no-ip.org/demo/20020201-3838/imm/morris.html]
[marcoyan.no-ip.org/demo/20020201-3838/imm/tootol.html]
[marcoyan.no-ip.org/demo/20020201-3838/imm/ziyun.html]
[marcoyan.no-ip.org/demo/20020201-3838/imm/denny.html]
[marcoyan.no-ip.org/demo/20020201-3838/imm/ast.html]
[marcoyan.no-ip.org/demo/20020201-3838/imm/cutty.html]
[marcoyan.no-ip.org/demo/20020201-3838/imm/ene.html]
[marcoyan.no-ip.org/demo/20020201-3838/imm/lumo.html]
[marcoyan.no-ip.org/demo/20020201-3838/imm/robin.html]
[marcoyan.no-ip.org/demo/20020201-3838/imm/hubert.html]
[marcoyan.no-ip.org/demo/20020201-3838/imm/purr.html]
[marcoyan.no-ip.org/demo/20020201-3838/imm/uys.html]
[marcoyan.no-ip.org/demo/20020201-3838/imm/hank.html]
[marcoyan.no-ip.org/demo/20020201-3838/imm/pocky.html]
[marcoyan.no-ip.org/demo/20020201-3838/imm/dye.html]
[marcoyan.no-ip.org/demo/20020201-3838/imm/sis.html]
[marcoyan.no-ip.org/demo/20020201-3838/imm/shorty.html]
[marcoyan.no-ip.org/demo/20020201-3838/imm/niko.html]
[marcoyan.no-ip.org/demo/20020201-3838/imm/lym.html]
[marcoyan.no-ip.org/demo/20020201-3838/imm/kallamity.html]
[marcoyan.no-ip.org/demo/20020201-3838/imm/pcl.html]
[marcoyan.no-ip.org/demo/20020201-3838/imm/kentaki.html]
[marcoyan.no-ip.org/demo/20020201-3838/imm/marco.html]
[marcoyan.no-ip.org/demo/20020201-3838/imm/falcon.html]
[marcoyan.no-ip.org/demo/20020201-3838/imm/ninina.html]
[marcoyan.no-ip.org/demo/20020201-3838/imm/index.html]
[marcoyan.no-ip.org/demo/20020201-3838/imm/turbo.html]
[marcoyan.no-ip.org/demo/20020201-3838/ccs/font.css]
[marcoyan.no-ip.org/demo/20020201-3838/pic/logo12.jpg]
[marcoyan.no-ip.org/demo/20020201-3838/news/200202011.html]
[marcoyan.no-ip.org/demo/20020201-3838/news/200201311.html]
[marcoyan.no-ip.org/demo/20020201-3838/news/200201291.html]
[marcoyan.no-ip.org/demo/20020201-3838/news/200201261.html]
[marcoyan.no-ip.org/demo/20020201-3838/news/200201251.html]
[marcoyan.no-ip.org/demo/20020201-3838/news/200201222.html]
[marcoyan.no-ip.org/demo/20020201-3838/news/200201221.html]
[marcoyan.no-ip.org/demo/20020201-3838/news/200201212.html]
[marcoyan.no-ip.org/demo/20020201-3838/news/200201211.html]
[marcoyan.no-ip.org/demo/20020201-3838/news/200201201.html]
[marcoyan.no-ip.org/demo/20020201-3838/news/200201191.html]
[marcoyan.no-ip.org/demo/20020201-3838/news/200201184.html]
[marcoyan.no-ip.org/demo/20020201-3838/news/200201183.html]
[marcoyan.no-ip.org/demo/20020201-3838/news/200201182.html]
[marcoyan.no-ip.org/demo/20020201-3838/news/200201181.html]
[marcoyan.no-ip.org/demo/20020201-3838/news/200201161.html]
[marcoyan.no-ip.org/demo/20020201-3838/news/200201142.html]
[marcoyan.no-ip.org/demo/20020201-3838/news/200201141.html]
[marcoyan.no-ip.org/demo/20020201-3838/news/200201112.html]
[marcoyan.no-ip.org/demo/20020201-3838/news/200201111.html]
[marcoyan.no-ip.org/demo/20020201-3838/news/200201101.html]
[marcoyan.no-ip.org/demo/20020201-3838/news/200112274.html]
[marcoyan.no-ip.org/demo/20020201-3838/news/200112273.html]
[marcoyan.no-ip.org/demo/20020201-3838/news/200112272.html]
[marcoyan.no-ip.org/demo/20020201-3838/news/200112271.html]
[marcoyan.no-ip.org/demo/20020201-3838/news/200112268.html]
[marcoyan.no-ip.org/demo/20020201-3838/news/200112267.html]
[marcoyan.no-ip.org/demo/20020201-3838/news/200112266.html]
[marcoyan.no-ip.org/demo/20020201-3838/news/200112265.html]
[marcoyan.no-ip.org/demo/20020201-3838/news/200112264.html]
[marcoyan.no-ip.org/demo/20020201-3838/news/200112263.html]
[marcoyan.no-ip.org/demo/20020201-3838/news/200112262.html]
[marcoyan.no-ip.org/demo/20020201-3838/news/200112261.html]
[marcoyan.no-ip.org/demo/20020201-3838/news/200112251.html]
[marcoyan.no-ip.org/demo/20020201-3838/news/200112241.html]
[marcoyan.no-ip.org/demo/20020201-3838/news/200112211.html]
[marcoyan.no-ip.org/demo/20020201-3838/news/200112201.html]
[marcoyan.no-ip.org/demo/20020201-3838/news/200112181.html]
[marcoyan.no-ip.org/demo/20020201-3838/news/200112173.html]
[marcoyan.no-ip.org/demo/20020201-3838/news/200112172.html]
[marcoyan.no-ip.org/demo/20020201-3838/news/200112171.html]
[marcoyan.no-ip.org/demo/20020201-3838/news/200112121.html]
[marcoyan.no-ip.org/demo/20020201-3838/news/200112101.html]
[marcoyan.no-ip.org/demo/20020201-3838/news/200112073.html]
[marcoyan.no-ip.org/demo/20020201-3838/news/200112072.html]
[marcoyan.no-ip.org/demo/20020201-3838/news/200112071.html]
[marcoyan.no-ip.org/demo/20020201-3838/news/200112063.html]
[marcoyan.no-ip.org/demo/20020201-3838/news/200112062.html]
[marcoyan.no-ip.org/demo/20020201-3838/news/200112061.html]
[marcoyan.no-ip.org/demo/20020201-3838/news/200111303.html]
[marcoyan.no-ip.org/demo/20020201-3838/news/200111302.html]
[marcoyan.no-ip.org/demo/20020201-3838/news/200111301.html]
[marcoyan.no-ip.org/demo/20020201-3838/news/200111283.html]
[marcoyan.no-ip.org/demo/20020201-3838/news/200111282.html]
[marcoyan.no-ip.org/demo/20020201-3838/news/200111281.html]
[marcoyan.no-ip.org/demo/20020201-3838/news/200111211.html]
[marcoyan.no-ip.org/demo/20020201-3838/news/200111161.html]
[marcoyan.no-ip.org/demo/20020201-3838/news/200111151.html]
[marcoyan.no-ip.org/demo/20020201-3838/news/200111101.html]
[marcoyan.no-ip.org/demo/20020201-3838/news/200111071.html]
[marcoyan.no-ip.org/demo/20020201-3838/news/200111061.html]
[marcoyan.no-ip.org/demo/20020201-3838/news/200111051.html]
[marcoyan.no-ip.org/demo/20020201-3838/news/200111041.html]
[marcoyan.no-ip.org/demo/20020201-3838/news/200110201.html]
[marcoyan.no-ip.org/demo/20020201-3838/news/200110121.html]
[marcoyan.no-ip.org/demo/20020201-3838/news/200110013.html]
[marcoyan.no-ip.org/demo/20020201-3838/news/200110012.html]
[marcoyan.no-ip.org/demo/20020201-3838/news/200110011.html]
[marcoyan.no-ip.org/demo/20020201-3838/news/200109271.html]
[marcoyan.no-ip.org/demo/20020201-3838/news/200109152.html]
[marcoyan.no-ip.org/demo/20020201-3838/news/200109151.html]
[marcoyan.no-ip.org/demo/20020201-3838/news/200109011.html]
[marcoyan.no-ip.org/demo/20020201-3838/news/200108311.html]
[marcoyan.no-ip.org/demo/20020201-3838/news/200108221.html]
[marcoyan.no-ip.org/demo/20020201-3838/news/200107071.html]
[marcoyan.no-ip.org/demo/20020201-3838/news/200106281.html]
[marcoyan.no-ip.org/demo/20020201-3838/news/200106231.html]
[marcoyan.no-ip.org/demo/20020201-3838/news/200106211.html]
[marcoyan.no-ip.org/demo/20020201-3838/news/200106171.html]
[marcoyan.no-ip.org/demo/20020201-3838/news/200105251.html]
[marcoyan.no-ip.org/demo/20020201-3838/news/200105071.html]
[marcoyan.no-ip.org/demo/20020201-3838/news/200104301.html]
[marcoyan.no-ip.org/demo/20020201-3838/news/200104281.html]
[marcoyan.no-ip.org/demo/20020201-3838/news/200104091.html]
[marcoyan.no-ip.org/demo/20020201-3838/news/200104081.html]
[marcoyan.no-ip.org/demo/20020201-3838/news/200104076.html]
[marcoyan.no-ip.org/demo/20020201-3838/news/200104075.html]
[marcoyan.no-ip.org/demo/20020201-3838/news/200104074.html]
[marcoyan.no-ip.org/demo/20020201-3838/news/200104073.html]
[marcoyan.no-ip.org/demo/20020201-3838/news/200104072.html]
[marcoyan.no-ip.org/demo/20020201-3838/news/200104071.html]
[marcoyan.no-ip.org/demo/20020201-3838/news/200104041.html]
[marcoyan.no-ip.org/demo/20020201-3838/news/200104031.html]
[marcoyan.no-ip.org/demo/20020201-3838/news/200104024.html]
[marcoyan.no-ip.org/demo/20020201-3838/news/200104023.html]
[marcoyan.no-ip.org/demo/20020201-3838/news/200104022.html]
[marcoyan.no-ip.org/demo/20020201-3838/news/200104021.html]
[marcoyan.no-ip.org/demo/20020201-3838/news/200104011.html]
[marcoyan.no-ip.org/demo/20020201-3838/news/200103301.html]
[marcoyan.no-ip.org/demo/20020201-3838/news/200102041.html]
[marcoyan.no-ip.org/demo/20020201-3838/news/200011201.html]
[marcoyan.no-ip.org/demo/20020201-3838/news/200011191.html]
[marcoyan.no-ip.org/demo/20020201-3838/news/200011072.html]
[marcoyan.no-ip.org/demo/20020201-3838/news/200011071.html]
[marcoyan.no-ip.org/demo/20020201-3838/news/200010261.html]
[marcoyan.no-ip.org/demo/20020201-3838/news/200010241.html]
[marcoyan.no-ip.org/demo/20020201-3838/news/199908301.html]
[marcoyan.no-ip.org/demo/20020201-3838/news/199908201.html]
[marcoyan.no-ip.org/demo/20020201-3838/news/199905051.html]
[marcoyan.no-ip.org/demo/20020201-3838/news/199903222.html]
[marcoyan.no-ip.org/demo/20020201-3838/news/199903221.html]
[marcoyan.no-ip.org/demo/20020201-3838/news/199903212.html]
[marcoyan.no-ip.org/demo/20020201-3838/news/199903211.html]
[marcoyan.no-ip.org/demo/20020201-3838/newhand/rule/index.html]
[marcoyan.no-ip.org/demo/20020201-3838/newhand/commands/index.html]
[marcoyan.no-ip.org/demo/20020201-3838/newhand/players/newplayer/index.html]
[marcoyan.no-ip.org/demo/20020201-3838/newhand/players/bravo/index.html]
[marcoyan.no-ip.org/demo/20020201-3838/newhand/players/general/index.html]
[marcoyan.no-ip.org/demo/20020201-3838/newhand/players/bard/index.html]
[marcoyan.no-ip.org/demo/20020201-3838/newhand/players/doctor/index.html]
[marcoyan.no-ip.org/demo/20020201-3838/newhand/players/smith/index.html]
[marcoyan.no-ip.org/demo/20020201-3838/newhand/players/mage/index.html]
[marcoyan.no-ip.org/demo/20020201-3838/newhand/players/thief/index.html]
[marcoyan.no-ip.org/demo/20020201-3838/newhand/players/index.html]
[marcoyan.no-ip.org/demo/20020201-3838/newhand/players/other/index.html]
[marcoyan.no-ip.org/demo/20020201-3838/skill/sword.html]
[marcoyan.no-ip.org/demo/20020201-3838/skill/blade.html]
[marcoyan.no-ip.org/demo/20020201-3838/skill/bow.html]
[marcoyan.no-ip.org/demo/20020201-3838/skill/lance.html]
[marcoyan.no-ip.org/demo/20020201-3838/skill/stick.html]
[marcoyan.no-ip.org/demo/20020201-3838/skill/axe.html]
[marcoyan.no-ip.org/demo/20020201-3838/skill/whip.html]
[marcoyan.no-ip.org/demo/20020201-3838/skill/fan.html]
[marcoyan.no-ip.org/demo/20020201-3838/skill/dagger.html]
[marcoyan.no-ip.org/demo/20020201-3838/skill/fist.html]
[marcoyan.no-ip.org/demo/20020201-3838/skill/energy.html]
[marcoyan.no-ip.org/demo/20020201-3838/skill/fire.html]
[marcoyan.no-ip.org/demo/20020201-3838/skill/wind.html]
[marcoyan.no-ip.org/demo/20020201-3838/skill/light.html]
[marcoyan.no-ip.org/demo/20020201-3838/skill/holy.html]
[marcoyan.no-ip.org/demo/20020201-3838/skill/thunder.html]
[marcoyan.no-ip.org/demo/20020201-3838/skill/water.html]
[marcoyan.no-ip.org/demo/20020201-3838/skill/earth.html]
[marcoyan.no-ip.org/demo/20020201-3838/skill/dark.html]
[marcoyan.no-ip.org/demo/20020201-3838/skill/evil.html]
[marcoyan.no-ip.org/demo/20020201-3838/skill/poison.html]
[marcoyan.no-ip.org/demo/20020201-3838/skill/general.html]
[marcoyan.no-ip.org/demo/20020201-3838/skill/bravo.html]
[marcoyan.no-ip.org/demo/20020201-3838/skill/mage.html]
[marcoyan.no-ip.org/demo/20020201-3838/skill/smith.html]
[marcoyan.no-ip.org/demo/20020201-3838/skill/bard.html]
[marcoyan.no-ip.org/demo/20020201-3838/skill/doctor.html]
[marcoyan.no-ip.org/demo/20020201-3838/skill/thief.html]
[marcoyan.no-ip.org/demo/20020201-3838/skill/step.html]
[marcoyan.no-ip.org/demo/20020201-3838/skill/skill.html]
[marcoyan.no-ip.org/demo/20020201-3838/skill/index.html]
[marcoyan.no-ip.org/demo/20020201-3838/skill/learnlv.html]
[marcoyan.no-ip.org/demo/20020201-3838/newhand/other/index.html]
[marcoyan.no-ip.org/demo/20020201-3838/pic/logo06.jpg]
[marcoyan.no-ip.org/demo/20020201-3838/map/bus.html]
[marcoyan.no-ip.org/demo/20020201-3838/map/xiangping.html]
[marcoyan.no-ip.org/demo/20020201-3838/map/silian.html]
[marcoyan.no-ip.org/demo/20020201-3838/map/bepin.html]
[marcoyan.no-ip.org/demo/20020201-3838/map/jinyang.html]
[marcoyan.no-ip.org/demo/20020201-3838/map/pinuan.html]
[marcoyan.no-ip.org/demo/20020201-3838/map/nanpi.html]
[marcoyan.no-ip.org/demo/20020201-3838/map/tinsue.html]
[marcoyan.no-ip.org/demo/20020201-3838/map/puyang.html]
[marcoyan.no-ip.org/demo/20020201-3838/map/honlon.html]
[marcoyan.no-ip.org/demo/20020201-3838/map/loyang.html]
[marcoyan.no-ip.org/demo/20020201-3838/map/chenliu.html]
[marcoyan.no-ip.org/demo/20020201-3838/map/shaban.html]
[marcoyan.no-ip.org/demo/20020201-3838/map/chanan.html]
[marcoyan.no-ip.org/demo/20020201-3838/map/sochu.html]
[marcoyan.no-ip.org/demo/20020201-3838/map/sinya.html]
[marcoyan.no-ip.org/demo/20020201-3838/map/janya.html]
[marcoyan.no-ip.org/demo/20020201-3838/map/shanyan.html]
[marcoyan.no-ip.org/demo/20020201-3838/map/lujang.html]
[marcoyan.no-ip.org/demo/20020201-3838/map/chendo.html]
[marcoyan.no-ip.org/demo/20020201-3838/map/jansha.html]
[marcoyan.no-ip.org/demo/20020201-3838/map/quaji.html]
[marcoyan.no-ip.org/demo/20020201-3838/map/chansa.html]
[marcoyan.no-ip.org/demo/20020201-3838/map/rohan.html]
[marcoyan.no-ip.org/demo/20020201-3838/map/index.html]
[marcoyan.no-ip.org/demo/20020201-3838/map/heaven.html]
[marcoyan.no-ip.org/demo/20020201-3838/ccs/realm.css]
[marcoyan.no-ip.org/demo/20020201-3838/realm/list/index.html]
[marcoyan.no-ip.org/demo/20020201-3838/realm/ads/dcsg.html]
[marcoyan.no-ip.org/demo/20020201-3838/realm/ads/slimesky.html]
[marcoyan.no-ip.org/demo/20020201-3838/realm/ads/index.html]
[marcoyan.no-ip.org/demo/20020201-3838/pic/logo11.jpg]
[marcoyan.no-ip.org/demo/20020201-3838/realm/doc/01.html]
[marcoyan.no-ip.org/demo/20020201-3838/realm/doc/07.html]
[marcoyan.no-ip.org/demo/20020201-3838/realm/doc/08.html]
[marcoyan.no-ip.org/demo/20020201-3838/realm/doc/02.html]
[marcoyan.no-ip.org/demo/20020201-3838/realm/doc/09.html]
[marcoyan.no-ip.org/demo/20020201-3838/realm/doc/03.html]
[marcoyan.no-ip.org/demo/20020201-3838/realm/doc/04.html]
[marcoyan.no-ip.org/demo/20020201-3838/realm/doc/05.html]
[marcoyan.no-ip.org/demo/20020201-3838/realm/doc/06.html]
[marcoyan.no-ip.org/demo/20020201-3838/download/00.html]
[marcoyan.no-ip.org/demo/20020201-3838/download/01.html]
[marcoyan.no-ip.org/demo/20020201-3838/download/02.html]
[marcoyan.no-ip.org/demo/20020201-3838/download/03.html]
[marcoyan.no-ip.org/demo/20020201-3838/download/04.html]
[marcoyan.no-ip.org/demo/20020201-3838/download/05.html]
[marcoyan.no-ip.org/demo/20020201-3838/download/06.html]
[marcoyan.no-ip.org/demo/20020201-3838/download/07.html]
[marcoyan.no-ip.org/demo/20020201-3838/intro/intro1.html]
[marcoyan.no-ip.org/demo/20020201-3838/intro/intro2.html]
[marcoyan.no-ip.org/demo/20020201-3838/intro/intro3.html]
[marcoyan.no-ip.org/demo/20020201-3838/intro/intro4.html]
[marcoyan.no-ip.org/demo/20020201-3838/intro/intro5.html]
[marcoyan.no-ip.org/demo/20020201-3838/pic/logo03.jpg]
[marcoyan.no-ip.org/demo/20020201-3838/imm/joetai.html]
[marcoyan.no-ip.org/demo/20020201-3838/imm/gamma.html]
[marcoyan.no-ip.org/demo/20020201-3838/imm/gooder.html]
[marcoyan.no-ip.org/demo/20020201-3838/imm/pans.html]
[marcoyan.no-ip.org/demo/20020201-3838/imm/morris.html]
[marcoyan.no-ip.org/demo/20020201-3838/imm/tootol.html]
[marcoyan.no-ip.org/demo/20020201-3838/imm/ziyun.html]
[marcoyan.no-ip.org/demo/20020201-3838/imm/denny.html]
[marcoyan.no-ip.org/demo/20020201-3838/imm/ast.html]
[marcoyan.no-ip.org/demo/20020201-3838/imm/cutty.html]
[marcoyan.no-ip.org/demo/20020201-3838/imm/ene.html]
[marcoyan.no-ip.org/demo/20020201-3838/imm/lumo.html]
[marcoyan.no-ip.org/demo/20020201-3838/imm/robin.html]
[marcoyan.no-ip.org/demo/20020201-3838/imm/hubert.html]
[marcoyan.no-ip.org/demo/20020201-3838/imm/purr.html]
[marcoyan.no-ip.org/demo/20020201-3838/imm/uys.html]
[marcoyan.no-ip.org/demo/20020201-3838/imm/hank.html]
[marcoyan.no-ip.org/demo/20020201-3838/imm/pocky.html]
[marcoyan.no-ip.org/demo/20020201-3838/imm/dye.html]
[marcoyan.no-ip.org/demo/20020201-3838/imm/sis.html]
[marcoyan.no-ip.org/demo/20020201-3838/imm/shorty.html]
[marcoyan.no-ip.org/demo/20020201-3838/imm/niko.html]
[marcoyan.no-ip.org/demo/20020201-3838/imm/lym.html]
[marcoyan.no-ip.org/demo/20020201-3838/imm/kallamity.html]
[marcoyan.no-ip.org/demo/20020201-3838/imm/pcl.html]
[marcoyan.no-ip.org/demo/20020201-3838/imm/kentaki.html]
[marcoyan.no-ip.org/demo/20020201-3838/imm/marco.html]
[marcoyan.no-ip.org/demo/20020201-3838/imm/falcon.html]
[marcoyan.no-ip.org/demo/20020201-3838/imm/ninina.html]
[marcoyan.no-ip.org/demo/20020201-3838/imm/turbo.html]
[marcoyan.no-ip.org/demo/20020201-3838/pic/logo02.jpg]
[marcoyan.no-ip.org/demo/20020201-3838/newhand/players/newplayer/9903151.html]
[marcoyan.no-ip.org/demo/20020201-3838/newhand/players/newplayer/9904101.html]
[marcoyan.no-ip.org/demo/20020201-3838/newhand/players/newplayer/9905191.html]
[marcoyan.no-ip.org/demo/20020201-3838/newhand/players/newplayer/9907151.htm]
[marcoyan.no-ip.org/demo/20020201-3838/newhand/players/newplayer/0104101.html]
[marcoyan.no-ip.org/demo/20020201-3838/newhand/players/newplayer/0104121.html]
[marcoyan.no-ip.org/demo/20020201-3838/newhand/players/newplayer/index.html]
[marcoyan.no-ip.org/demo/20020201-3838/newhand/players/newplayer/0104231.html]
[marcoyan.no-ip.org/demo/20020201-3838/newhand/players/bravo/9906251.html]
[marcoyan.no-ip.org/demo/20020201-3838/newhand/players/bravo/9906252.html]
[marcoyan.no-ip.org/demo/20020201-3838/newhand/players/bravo/9906253.html]
[marcoyan.no-ip.org/demo/20020201-3838/newhand/players/bravo/0104241.html]
[marcoyan.no-ip.org/demo/20020201-3838/newhand/players/bravo/0104242.html]
[marcoyan.no-ip.org/demo/20020201-3838/newhand/players/bravo/0104243.html]
[marcoyan.no-ip.org/demo/20020201-3838/newhand/players/bravo/0104244.html]
[marcoyan.no-ip.org/demo/20020201-3838/newhand/players/bravo/index.html]
[marcoyan.no-ip.org/demo/20020201-3838/newhand/players/bravo/0104245.html]
[marcoyan.no-ip.org/demo/20020201-3838/newhand/players/general/0001261.html]
[marcoyan.no-ip.org/demo/20020201-3838/newhand/players/general/0104231.html]
[marcoyan.no-ip.org/demo/20020201-3838/newhand/players/general/0104232.html]
[marcoyan.no-ip.org/demo/20020201-3838/newhand/players/general/0104233.html]
[marcoyan.no-ip.org/demo/20020201-3838/newhand/players/general/0104234.html]
[marcoyan.no-ip.org/demo/20020201-3838/newhand/players/general/0104235.html]
[marcoyan.no-ip.org/demo/20020201-3838/newhand/players/general/index.html]
[marcoyan.no-ip.org/demo/20020201-3838/newhand/players/general/0107111.html]
[marcoyan.no-ip.org/demo/20020201-3838/newhand/players/bard/9905181.html]
[marcoyan.no-ip.org/demo/20020201-3838/newhand/players/bard/index.html]
[marcoyan.no-ip.org/demo/20020201-3838/newhand/players/doctor/index.html]
[marcoyan.no-ip.org/demo/20020201-3838/newhand/players/smith/index.html]
[marcoyan.no-ip.org/demo/20020201-3838/newhand/players/bard/0106121.html]
[marcoyan.no-ip.org/demo/20020201-3838/newhand/players/mage/0106101.html]
[marcoyan.no-ip.org/demo/20020201-3838/newhand/players/mage/index.html]
[marcoyan.no-ip.org/demo/20020201-3838/newhand/players/thief/index.html]
[marcoyan.no-ip.org/demo/20020201-3838/newhand/players/other/index.html]
[marcoyan.no-ip.org/demo/20020201-3838/ccs/skill2.css]
[marcoyan.no-ip.org/demo/20020201-3838/newhand/players/mage/0106102.html]
[marcoyan.no-ip.org/demo/20020201-3838/ccs/skill.css]
[marcoyan.no-ip.org/demo/20020201-3838/pic/logo05.jpg]
[marcoyan.no-ip.org/demo/20020201-3838/skill/sword.html]
[marcoyan.no-ip.org/demo/20020201-3838/skill/blade.html]
[marcoyan.no-ip.org/demo/20020201-3838/skill/bow.html]
[marcoyan.no-ip.org/demo/20020201-3838/skill/lance.html]
[marcoyan.no-ip.org/demo/20020201-3838/skill/stick.html]
[marcoyan.no-ip.org/demo/20020201-3838/skill/axe.html]
[marcoyan.no-ip.org/demo/20020201-3838/skill/whip.html]
[marcoyan.no-ip.org/demo/20020201-3838/skill/fan.html]
[marcoyan.no-ip.org/demo/20020201-3838/skill/dagger.html]
[marcoyan.no-ip.org/demo/20020201-3838/skill/fist.html]
[marcoyan.no-ip.org/demo/20020201-3838/skill/energy.html]
[marcoyan.no-ip.org/demo/20020201-3838/skill/fire.html]
[marcoyan.no-ip.org/demo/20020201-3838/skill/wind.html]
[marcoyan.no-ip.org/demo/20020201-3838/skill/light.html]
[marcoyan.no-ip.org/demo/20020201-3838/skill/holy.html]
[marcoyan.no-ip.org/demo/20020201-3838/skill/thunder.html]
[marcoyan.no-ip.org/demo/20020201-3838/skill/water.html]
[marcoyan.no-ip.org/demo/20020201-3838/skill/earth.html]
[marcoyan.no-ip.org/demo/20020201-3838/skill/dark.html]
[marcoyan.no-ip.org/demo/20020201-3838/skill/evil.html]
[marcoyan.no-ip.org/demo/20020201-3838/skill/poison.html]
[marcoyan.no-ip.org/demo/20020201-3838/skill/general.html]
[marcoyan.no-ip.org/demo/20020201-3838/skill/bravo.html]
[marcoyan.no-ip.org/demo/20020201-3838/skill/mage.html]
[marcoyan.no-ip.org/demo/20020201-3838/skill/smith.html]
[marcoyan.no-ip.org/demo/20020201-3838/skill/bard.html]
[marcoyan.no-ip.org/demo/20020201-3838/skill/doctor.html]
[marcoyan.no-ip.org/demo/20020201-3838/skill/thief.html]
[marcoyan.no-ip.org/demo/20020201-3838/skill/step.html]
[marcoyan.no-ip.org/demo/20020201-3838/skill/skill.html]
[marcoyan.no-ip.org/demo/20020201-3838/skill/learnlv.html]
[marcoyan.no-ip.org/demo/20020201-3838/map/xiangping.html]
[marcoyan.no-ip.org/demo/20020201-3838/map/silian.html]
[marcoyan.no-ip.org/demo/20020201-3838/map/bepin.html]
[marcoyan.no-ip.org/demo/20020201-3838/map/jinyang.html]
[marcoyan.no-ip.org/demo/20020201-3838/map/pinuan.html]
[marcoyan.no-ip.org/demo/20020201-3838/map/nanpi.html]
[marcoyan.no-ip.org/demo/20020201-3838/map/tinsue.html]
[marcoyan.no-ip.org/demo/20020201-3838/map/puyang.html]
[marcoyan.no-ip.org/demo/20020201-3838/map/honlon.html]
[marcoyan.no-ip.org/demo/20020201-3838/map/loyang.html]
[marcoyan.no-ip.org/demo/20020201-3838/map/chenliu.html]
[marcoyan.no-ip.org/demo/20020201-3838/map/shaban.html]
[marcoyan.no-ip.org/demo/20020201-3838/map/chanan.html]
[marcoyan.no-ip.org/demo/20020201-3838/map/sochu.html]
[marcoyan.no-ip.org/demo/20020201-3838/map/sinya.html]
[marcoyan.no-ip.org/demo/20020201-3838/map/janya.html]
[marcoyan.no-ip.org/demo/20020201-3838/map/shanyan.html]
[marcoyan.no-ip.org/demo/20020201-3838/map/lujang.html]
[marcoyan.no-ip.org/demo/20020201-3838/map/chendo.html]
[marcoyan.no-ip.org/demo/20020201-3838/map/jansha.html]
[marcoyan.no-ip.org/demo/20020201-3838/map/quaji.html]
[marcoyan.no-ip.org/demo/20020201-3838/map/chansa.html]
[marcoyan.no-ip.org/demo/20020201-3838/map/rohan.html]
[marcoyan.no-ip.org/demo/20020201-3838/map/heaven.html]
[marcoyan.no-ip.org/demo/20020201-3838/ccs/realm.css]
[marcoyan.no-ip.org/demo/20020201-3838/realm/ads/dcsg.html]
[marcoyan.no-ip.org/demo/20020201-3838/realm/ads/slimesky.gif]
[marcoyan.no-ip.org/demo/20020201-3838/realm/ads/slimesky.html]
[marcoyan.no-ip.org/demo/20020201-3838/realm/doc/07.html]
[marcoyan.no-ip.org/demo/20020201-3838/realm/doc/08.html]
[marcoyan.no-ip.org/demo/20020201-3838/realm/doc/09.html]
[marcoyan.no-ip.org/demo/20020201-3838/newhand/players/newplayer/9903151.html]
[marcoyan.no-ip.org/demo/20020201-3838/newhand/players/newplayer/9904101.html]
[marcoyan.no-ip.org/demo/20020201-3838/newhand/players/newplayer/9905191.html]
[marcoyan.no-ip.org/demo/20020201-3838/newhand/players/newplayer/9907151.htm]
[marcoyan.no-ip.org/demo/20020201-3838/newhand/players/newplayer/0104101.html]
[marcoyan.no-ip.org/demo/20020201-3838/newhand/players/newplayer/0104121.html]
[marcoyan.no-ip.org/demo/20020201-3838/newhand/players/newplayer/0104231.html]
[marcoyan.no-ip.org/demo/20020201-3838/newhand/players/bravo/9906251.html]
[marcoyan.no-ip.org/demo/20020201-3838/newhand/players/bravo/9906252.html]
[marcoyan.no-ip.org/demo/20020201-3838/newhand/players/bravo/9906253.html]
[marcoyan.no-ip.org/demo/20020201-3838/newhand/players/bravo/0104241.html]
[marcoyan.no-ip.org/demo/20020201-3838/newhand/players/bravo/0104242.html]
[marcoyan.no-ip.org/demo/20020201-3838/newhand/players/bravo/0104243.html]
[marcoyan.no-ip.org/demo/20020201-3838/newhand/players/bravo/0104244.html]
[marcoyan.no-ip.org/demo/20020201-3838/newhand/players/bravo/0104245.html]
[marcoyan.no-ip.org/demo/20020201-3838/newhand/players/general/0001261.html]
[marcoyan.no-ip.org/demo/20020201-3838/newhand/players/general/0104231.html]
[marcoyan.no-ip.org/demo/20020201-3838/newhand/players/general/0104232.html]
[marcoyan.no-ip.org/demo/20020201-3838/newhand/players/general/0104233.html]
[marcoyan.no-ip.org/demo/20020201-3838/newhand/players/general/0104234.html]
[marcoyan.no-ip.org/demo/20020201-3838/newhand/players/general/0104235.html]
[marcoyan.no-ip.org/demo/20020201-3838/newhand/players/general/0107111.html]
[marcoyan.no-ip.org/demo/20020201-3838/newhand/players/bard/9905181.html]
[marcoyan.no-ip.org/demo/20020201-3838/newhand/players/bard/0106121.html]
[marcoyan.no-ip.org/demo/20020201-3838/newhand/players/mage/0106101.html]
[marcoyan.no-ip.org/demo/20020201-3838/newhand/players/mage/0106102.html]
[marcoyan.no-ip.org/demo/20020201-3838/ccs/skill.css]
